SF:lib/main.dart
DA:4,0
DA:5,0
DA:9,2
DA:11,1
DA:13,1
DA:15,1
DA:16,1
DA:25,1
DA:29,1
DA:30,1
DA:43,1
DA:45,1
DA:46,2
DA:50,5
DA:53,1
DA:54,2
DA:55,2
DA:59,1
DA:60,2
DA:61,2
DA:65,0
DA:66,0
DA:67,0
DA:68,0
DA:69,0
DA:71,0
DA:74,0
DA:75,0
DA:76,0
DA:77,0
DA:78,0
DA:80,0
DA:83,0
DA:84,0
DA:85,0
DA:89,0
DA:90,0
DA:91,0
DA:93,0
DA:94,0
DA:95,0
DA:99,0
DA:100,0
DA:101,0
DA:102,0
DA:104,0
DA:105,0
DA:107,0
DA:108,0
DA:109,0
DA:113,0
DA:114,0
DA:115,0
DA:118,0
DA:119,0
DA:120,0
DA:121,0
DA:127,1
DA:129,1
DA:130,1
DA:131,1
DA:132,3
DA:134,1
DA:135,1
DA:137,1
DA:141,1
DA:142,2
DA:143,3
DA:146,1
DA:148,2
DA:149,1
DA:152,1
DA:154,2
DA:155,1
DA:158,1
DA:160,2
DA:161,1
DA:164,1
DA:166,2
DA:167,1
DA:170,1
DA:171,1
DA:172,1
DA:173,1
DA:174,2
DA:175,1
DA:186,1
DA:188,1
DA:189,1
DA:190,1
DA:195,1
DA:196,1
DA:201,1
DA:202,1
DA:207,1
DA:208,1
DA:213,1
DA:214,1
DA:219,1
DA:220,1
DA:225,1
DA:226,1
DA:235,1
DA:237,2
DA:238,1
LF:105
LH:66
end_of_record
